-------------------------------------------------------------------------------
Test set: tn.consommiTounsi.spring.ConsommiTounsiApplicationTests
-------------------------------------------------------------------------------
Tests run: 1, Failures: 0, Errors: 1, Skipped: 0, Time elapsed: 2.995 s <<< FAILURE! - in tn.consommiTounsi.spring.ConsommiTounsiApplicationTests
contextLoads  Time elapsed: 0.006 s  <<< ERROR!
java.lang.IllegalStateException: Failed to load ApplicationContext
Caused by: org.springframework.beans.factory.UnsatisfiedDependencyException: Error creating bean with name 'factureController': Unsatisfied dependency expressed through field 'fa'; nested exception is org.springframework.beans.factory.UnsatisfiedDependencyException: Error creating bean with name 'factureServiceImpl' defined in file [C:\Users\wassi\Desktop\PIDev\consommiTounsi-master\target\classes\tn\consommiTounsi\spring\services\FactureServiceImpl.class]: Unsatisfied dependency expressed through constructor parameter 0; nested exception is org.springframework.beans.factory.BeanCreationException: Error creating bean with name 'factureRepository' defined in tn.consommiTounsi.spring.repository.FactureRepository defined in @EnableJpaRepositories declared on JpaRepositoriesRegistrar.EnableJpaRepositoriesConfiguration: Invocation of init method failed; nested exception is java.lang.IllegalArgumentException: Not a managed type: class tn.consommiTounsi.spring.entity.Facture
Caused by: org.springframework.beans.factory.UnsatisfiedDependencyException: Error creating bean with name 'factureServiceImpl' defined in file [C:\Users\wassi\Desktop\PIDev\consommiTounsi-master\target\classes\tn\consommiTounsi\spring\services\FactureServiceImpl.class]: Unsatisfied dependency expressed through constructor parameter 0; nested exception is org.springframework.beans.factory.BeanCreationException: Error creating bean with name 'factureRepository' defined in tn.consommiTounsi.spring.repository.FactureRepository defined in @EnableJpaRepositories declared on JpaRepositoriesRegistrar.EnableJpaRepositoriesConfiguration: Invocation of init method failed; nested exception is java.lang.IllegalArgumentException: Not a managed type: class tn.consommiTounsi.spring.entity.Facture
Caused by: org.springframework.beans.factory.BeanCreationException: Error creating bean with name 'factureRepository' defined in tn.consommiTounsi.spring.repository.FactureRepository defined in @EnableJpaRepositories declared on JpaRepositoriesRegistrar.EnableJpaRepositoriesConfiguration: Invocation of init method failed; nested exception is java.lang.IllegalArgumentException: Not a managed type: class tn.consommiTounsi.spring.entity.Facture
Caused by: java.lang.IllegalArgumentException: Not a managed type: class tn.consommiTounsi.spring.entity.Facture

